0 verbose cli /usr/bin/node /usr/bin/npm
1 info using npm@10.8.2
2 info using node@v18.20.8
3 silly config load:file:/usr/lib/node_modules/npm/npmrc
4 silly config load:file:/root/two-tier-app/backend/.npmrc
5 silly config load:file:/root/.npmrc
6 silly config load:file:/usr/etc/npmrc
7 verbose title npm install mysql
8 verbose argv "install" "mysql"
9 verbose logfile logs-max:10 dir:/root/.npm/_logs/2026-03-08T07_45_08_858Z-
10 verbose logfile /root/.npm/_logs/2026-03-08T07_45_08_858Z-debug-0.log
11 silly packumentCache heap:2050228224 maxSize:512557056 maxEntrySize:256278528
12 silly logfile done cleaning log files
13 silly idealTree buildDeps
14 silly fetch manifest mysql@^2.18.1
15 silly packumentCache full:https://registry.npmjs.org/mysql cache-miss
16 http fetch GET 200 https://registry.npmjs.org/mysql 116ms (cache revalidated)
17 silly packumentCache full:https://registry.npmjs.org/mysql set size:188395 disposed:false
18 silly placeDep ROOT mysql@2.18.1 REPLACE for: backend@1.0.0 want: ^2.18.1
19 silly reify moves {}
20 silly audit bulk request {
20 silly audit   accepts: [ '2.0.0' ],
20 silly audit   'bignumber.js': [ '9.0.0' ],
20 silly audit   'body-parser': [ '2.2.2' ],
20 silly audit   bytes: [ '3.1.2' ],
20 silly audit   'call-bind-apply-helpers': [ '1.0.2' ],
20 silly audit   'call-bound': [ '1.0.4' ],
20 silly audit   'content-disposition': [ '1.0.1' ],
20 silly audit   'content-type': [ '1.0.5' ],
20 silly audit   cookie: [ '0.7.2' ],
20 silly audit   'cookie-signature': [ '1.2.2' ],
20 silly audit   'core-util-is': [ '1.0.3' ],
20 silly audit   debug: [ '4.4.3' ],
20 silly audit   depd: [ '2.0.0' ],
20 silly audit   'dunder-proto': [ '1.0.1' ],
20 silly audit   'ee-first': [ '1.1.1' ],
20 silly audit   encodeurl: [ '2.0.0' ],
20 silly audit   'es-define-property': [ '1.0.1' ],
20 silly audit   'es-errors': [ '1.3.0' ],
20 silly audit   'es-object-atoms': [ '1.1.1' ],
20 silly audit   'escape-html': [ '1.0.3' ],
20 silly audit   etag: [ '1.8.1' ],
20 silly audit   express: [ '5.2.1' ],
20 silly audit   finalhandler: [ '2.1.1' ],
20 silly audit   forwarded: [ '0.2.0' ],
20 silly audit   fresh: [ '2.0.0' ],
20 silly audit   'function-bind': [ '1.1.2' ],
20 silly audit   'get-intrinsic': [ '1.3.0' ],
20 silly audit   'get-proto': [ '1.0.1' ],
20 silly audit   gopd: [ '1.2.0' ],
20 silly audit   'has-symbols': [ '1.1.0' ],
20 silly audit   hasown: [ '2.0.2' ],
20 silly audit   'http-errors': [ '2.0.1' ],
20 silly audit   'iconv-lite': [ '0.7.2' ],
20 silly audit   inherits: [ '2.0.4' ],
20 silly audit   'ipaddr.js': [ '1.9.1' ],
20 silly audit   'is-promise': [ '4.0.0' ],
20 silly audit   isarray: [ '1.0.0' ],
20 silly audit   'math-intrinsics': [ '1.1.0' ],
20 silly audit   'media-typer': [ '1.1.0' ],
20 silly audit   'merge-descriptors': [ '2.0.0' ],
20 silly audit   'mime-db': [ '1.54.0' ],
20 silly audit   'mime-types': [ '3.0.2' ],
20 silly audit   ms: [ '2.1.3' ],
20 silly audit   negotiator: [ '1.0.0' ],
20 silly audit   'object-inspect': [ '1.13.4' ],
20 silly audit   'on-finished': [ '2.4.1' ],
20 silly audit   once: [ '1.4.0' ],
20 silly audit   parseurl: [ '1.3.3' ],
20 silly audit   'path-to-regexp': [ '8.3.0' ],
20 silly audit   'process-nextick-args': [ '2.0.1' ],
20 silly audit   'proxy-addr': [ '2.0.7' ],
20 silly audit   qs: [ '6.15.0' ],
20 silly audit   'range-parser': [ '1.2.1' ],
20 silly audit   'raw-body': [ '3.0.2' ],
20 silly audit   'readable-stream': [ '2.3.7' ],
20 silly audit   router: [ '2.2.0' ],
20 silly audit   'safe-buffer': [ '5.1.2' ],
20 silly audit   'safer-buffer': [ '2.1.2' ],
20 silly audit   send: [ '1.2.1' ],
20 silly audit   'serve-static': [ '2.2.1' ],
20 silly audit   setprototypeof: [ '1.2.0' ],
20 silly audit   'side-channel': [ '1.1.0' ],
20 silly audit   'side-channel-list': [ '1.0.0' ],
20 silly audit   'side-channel-map': [ '1.0.1' ],
20 silly audit   'side-channel-weakmap': [ '1.0.2' ],
20 silly audit   sqlstring: [ '2.3.1' ],
20 silly audit   statuses: [ '2.0.2' ],
20 silly audit   string_decoder: [ '1.1.1' ],
20 silly audit   toidentifier: [ '1.0.1' ],
20 silly audit   'type-is': [ '2.0.1' ],
20 silly audit   unpipe: [ '1.0.0' ],
20 silly audit   'util-deprecate': [ '1.0.2' ],
20 silly audit   vary: [ '1.1.2' ],
20 silly audit   wrappy: [ '1.0.2' ],
20 silly audit   mysql: [ '2.18.1' ]
20 silly audit }
21 http fetch POST 200 https://registry.npmjs.org/-/npm/v1/security/advisories/bulk 277ms
22 silly audit report {}
23 verbose cwd /root/two-tier-app/backend
24 verbose os Linux 6.17.0-1007-aws
25 verbose node v18.20.8
26 verbose npm  v10.8.2
27 verbose exit 0
28 info ok
