0 verbose cli /usr/bin/node /usr/bin/npm
1 info using npm@10.8.2
2 info using node@v18.20.8
3 silly config load:file:/usr/lib/node_modules/npm/npmrc
4 silly config load:file:/root/two-tier-app/backend/.npmrc
5 silly config load:file:/root/.npmrc
6 silly config load:file:/usr/etc/npmrc
7 verbose title npm install express mysql
8 verbose argv "install" "express" "mysql"
9 verbose logfile logs-max:10 dir:/root/.npm/_logs/2026-03-08T06_57_26_103Z-
10 verbose logfile /root/.npm/_logs/2026-03-08T06_57_26_103Z-debug-0.log
11 silly packumentCache heap:2050228224 maxSize:512557056 maxEntrySize:256278528
12 silly logfile done cleaning log files
13 silly idealTree buildDeps
14 silly fetch manifest express@*
15 silly packumentCache full:https://registry.npmjs.org/express cache-miss
16 http fetch GET 200 https://registry.npmjs.org/express 92ms (cache miss)
17 silly packumentCache full:https://registry.npmjs.org/express set size:undefined disposed:false
18 silly fetch manifest mysql@*
19 silly packumentCache full:https://registry.npmjs.org/mysql cache-miss
20 http fetch GET 200 https://registry.npmjs.org/mysql 844ms (cache miss)
21 silly packumentCache full:https://registry.npmjs.org/mysql set size:undefined disposed:false
22 silly placeDep ROOT express@5.2.1 OK for: backend@1.0.0 want: *
23 silly placeDep ROOT mysql@2.18.1 OK for: backend@1.0.0 want: *
24 silly fetch manifest qs@^6.14.0
25 silly packumentCache full:https://registry.npmjs.org/qs cache-miss
26 http fetch GET 200 https://registry.npmjs.org/qs 33ms (cache miss)
27 silly packumentCache full:https://registry.npmjs.org/qs set size:undefined disposed:false
28 silly fetch manifest depd@^2.0.0
29 silly packumentCache full:https://registry.npmjs.org/depd cache-miss
30 http fetch GET 200 https://registry.npmjs.org/depd 30ms (cache miss)
31 silly packumentCache full:https://registry.npmjs.org/depd set size:undefined disposed:false
32 silly fetch manifest etag@^1.8.1
33 silly packumentCache full:https://registry.npmjs.org/etag cache-miss
34 http fetch GET 200 https://registry.npmjs.org/etag 26ms (cache miss)
35 silly packumentCache full:https://registry.npmjs.org/etag set size:undefined disposed:false
36 silly fetch manifest once@^1.4.0
37 silly packumentCache full:https://registry.npmjs.org/once cache-miss
38 http fetch GET 200 https://registry.npmjs.org/once 25ms (cache miss)
39 silly packumentCache full:https://registry.npmjs.org/once set size:undefined disposed:false
40 silly fetch manifest send@^1.1.0
41 silly packumentCache full:https://registry.npmjs.org/send cache-miss
42 http fetch GET 200 https://registry.npmjs.org/send 23ms (cache miss)
43 silly packumentCache full:https://registry.npmjs.org/send set size:undefined disposed:false
44 silly fetch manifest vary@^1.1.2
45 silly packumentCache full:https://registry.npmjs.org/vary cache-miss
46 http fetch GET 200 https://registry.npmjs.org/vary 25ms (cache miss)
47 silly packumentCache full:https://registry.npmjs.org/vary set size:undefined disposed:false
48 silly fetch manifest debug@^4.4.0
49 silly packumentCache full:https://registry.npmjs.org/debug cache-miss
50 http fetch GET 200 https://registry.npmjs.org/debug 30ms (cache miss)
51 silly packumentCache full:https://registry.npmjs.org/debug set size:undefined disposed:false
52 silly fetch manifest fresh@^2.0.0
53 silly packumentCache full:https://registry.npmjs.org/fresh cache-miss
54 http fetch GET 200 https://registry.npmjs.org/fresh 27ms (cache miss)
55 silly packumentCache full:https://registry.npmjs.org/fresh set size:undefined disposed:false
56 silly fetch manifest cookie@^0.7.1
57 silly packumentCache full:https://registry.npmjs.org/cookie cache-miss
58 http fetch GET 200 https://registry.npmjs.org/cookie 30ms (cache miss)
59 silly packumentCache full:https://registry.npmjs.org/cookie set size:undefined disposed:false
60 silly fetch manifest router@^2.2.0
61 silly packumentCache full:https://registry.npmjs.org/router cache-miss
62 http fetch GET 200 https://registry.npmjs.org/router 28ms (cache miss)
63 silly packumentCache full:https://registry.npmjs.org/router set size:undefined disposed:false
64 silly fetch manifest accepts@^2.0.0
65 silly packumentCache full:https://registry.npmjs.org/accepts cache-miss
66 http fetch GET 200 https://registry.npmjs.org/accepts 28ms (cache miss)
67 silly packumentCache full:https://registry.npmjs.org/accepts set size:undefined disposed:false
68 silly fetch manifest type-is@^2.0.1
69 silly packumentCache full:https://registry.npmjs.org/type-is cache-miss
70 http fetch GET 200 https://registry.npmjs.org/type-is 25ms (cache miss)
71 silly packumentCache full:https://registry.npmjs.org/type-is set size:undefined disposed:false
72 silly fetch manifest parseurl@^1.3.3
73 silly packumentCache full:https://registry.npmjs.org/parseurl cache-miss
74 http fetch GET 200 https://registry.npmjs.org/parseurl 41ms (cache miss)
75 silly packumentCache full:https://registry.npmjs.org/parseurl set size:undefined disposed:false
76 silly fetch manifest statuses@^2.0.1
77 silly packumentCache full:https://registry.npmjs.org/statuses cache-miss
78 http fetch GET 200 https://registry.npmjs.org/statuses 25ms (cache miss)
79 silly packumentCache full:https://registry.npmjs.org/statuses set size:undefined disposed:false
80 silly fetch manifest encodeurl@^2.0.0
81 silly packumentCache full:https://registry.npmjs.org/encodeurl cache-miss
82 http fetch GET 200 https://registry.npmjs.org/encodeurl 27ms (cache miss)
83 silly packumentCache full:https://registry.npmjs.org/encodeurl set size:undefined disposed:false
84 silly fetch manifest mime-types@^3.0.0
85 silly packumentCache full:https://registry.npmjs.org/mime-types cache-miss
86 http fetch GET 200 https://registry.npmjs.org/mime-types 28ms (cache miss)
87 silly packumentCache full:https://registry.npmjs.org/mime-types set size:undefined disposed:false
88 silly fetch manifest proxy-addr@^2.0.7
89 silly packumentCache full:https://registry.npmjs.org/proxy-addr cache-miss
90 http fetch GET 200 https://registry.npmjs.org/proxy-addr 31ms (cache miss)
91 silly packumentCache full:https://registry.npmjs.org/proxy-addr set size:undefined disposed:false
92 silly fetch manifest body-parser@^2.2.1
93 silly packumentCache full:https://registry.npmjs.org/body-parser cache-miss
94 http fetch GET 200 https://registry.npmjs.org/body-parser 24ms (cache miss)
95 silly packumentCache full:https://registry.npmjs.org/body-parser set size:undefined disposed:false
96 silly fetch manifest escape-html@^1.0.3
97 silly packumentCache full:https://registry.npmjs.org/escape-html cache-miss
98 http fetch GET 200 https://registry.npmjs.org/escape-html 25ms (cache miss)
99 silly packumentCache full:https://registry.npmjs.org/escape-html set size:undefined disposed:false
100 silly fetch manifest http-errors@^2.0.0
101 silly packumentCache full:https://registry.npmjs.org/http-errors cache-miss
102 http fetch GET 200 https://registry.npmjs.org/http-errors 26ms (cache miss)
103 silly packumentCache full:https://registry.npmjs.org/http-errors set size:undefined disposed:false
104 silly fetch manifest on-finished@^2.4.1
105 silly packumentCache full:https://registry.npmjs.org/on-finished cache-miss
106 http fetch GET 200 https://registry.npmjs.org/on-finished 25ms (cache miss)
107 silly packumentCache full:https://registry.npmjs.org/on-finished set size:undefined disposed:false
108 silly fetch manifest content-type@^1.0.5
109 silly packumentCache full:https://registry.npmjs.org/content-type cache-miss
110 http fetch GET 200 https://registry.npmjs.org/content-type 340ms (cache miss)
111 silly packumentCache full:https://registry.npmjs.org/content-type set size:undefined disposed:false
112 silly fetch manifest finalhandler@^2.1.0
113 silly packumentCache full:https://registry.npmjs.org/finalhandler cache-miss
114 http fetch GET 200 https://registry.npmjs.org/finalhandler 26ms (cache miss)
115 silly packumentCache full:https://registry.npmjs.org/finalhandler set size:undefined disposed:false
116 silly fetch manifest range-parser@^1.2.1
117 silly packumentCache full:https://registry.npmjs.org/range-parser cache-miss
118 http fetch GET 200 https://registry.npmjs.org/range-parser 25ms (cache miss)
119 silly packumentCache full:https://registry.npmjs.org/range-parser set size:undefined disposed:false
120 silly fetch manifest serve-static@^2.2.0
121 silly packumentCache full:https://registry.npmjs.org/serve-static cache-miss
122 http fetch GET 200 https://registry.npmjs.org/serve-static 33ms (cache miss)
123 silly packumentCache full:https://registry.npmjs.org/serve-static set size:undefined disposed:false
124 silly fetch manifest cookie-signature@^1.2.1
125 silly packumentCache full:https://registry.npmjs.org/cookie-signature cache-miss
126 http fetch GET 200 https://registry.npmjs.org/cookie-signature 23ms (cache miss)
127 silly packumentCache full:https://registry.npmjs.org/cookie-signature set size:undefined disposed:false
128 silly fetch manifest merge-descriptors@^2.0.0
129 silly packumentCache full:https://registry.npmjs.org/merge-descriptors cache-miss
130 http fetch GET 200 https://registry.npmjs.org/merge-descriptors 43ms (cache miss)
131 silly packumentCache full:https://registry.npmjs.org/merge-descriptors set size:undefined disposed:false
132 silly fetch manifest content-disposition@^1.0.0
133 silly packumentCache full:https://registry.npmjs.org/content-disposition cache-miss
134 http fetch GET 200 https://registry.npmjs.org/content-disposition 23ms (cache miss)
135 silly packumentCache full:https://registry.npmjs.org/content-disposition set size:undefined disposed:false
136 silly fetch manifest bignumber.js@9.0.0
137 silly packumentCache full:https://registry.npmjs.org/bignumber.js cache-miss
138 http fetch GET 200 https://registry.npmjs.org/bignumber.js 25ms (cache miss)
139 silly packumentCache full:https://registry.npmjs.org/bignumber.js set size:undefined disposed:false
140 silly fetch manifest readable-stream@2.3.7
141 silly packumentCache full:https://registry.npmjs.org/readable-stream cache-miss
142 http fetch GET 200 https://registry.npmjs.org/readable-stream 24ms (cache miss)
143 silly packumentCache full:https://registry.npmjs.org/readable-stream set size:undefined disposed:false
144 silly fetch manifest safe-buffer@5.1.2
145 silly packumentCache full:https://registry.npmjs.org/safe-buffer cache-miss
146 http fetch GET 200 https://registry.npmjs.org/safe-buffer 23ms (cache miss)
147 silly packumentCache full:https://registry.npmjs.org/safe-buffer set size:undefined disposed:false
148 silly fetch manifest sqlstring@2.3.1
149 silly packumentCache full:https://registry.npmjs.org/sqlstring cache-miss
150 http fetch GET 200 https://registry.npmjs.org/sqlstring 23ms (cache miss)
151 silly packumentCache full:https://registry.npmjs.org/sqlstring set size:undefined disposed:false
152 silly placeDep ROOT accepts@2.0.0 OK for: express@5.2.1 want: ^2.0.0
153 silly placeDep ROOT body-parser@2.2.2 OK for: express@5.2.1 want: ^2.2.1
154 silly placeDep ROOT content-disposition@1.0.1 OK for: express@5.2.1 want: ^1.0.0
155 silly placeDep ROOT content-type@1.0.5 OK for: express@5.2.1 want: ^1.0.5
156 silly placeDep ROOT cookie@0.7.2 OK for: express@5.2.1 want: ^0.7.1
157 silly placeDep ROOT cookie-signature@1.2.2 OK for: express@5.2.1 want: ^1.2.1
158 silly placeDep ROOT debug@4.4.3 OK for: express@5.2.1 want: ^4.4.0
159 silly placeDep ROOT depd@2.0.0 OK for: express@5.2.1 want: ^2.0.0
160 silly placeDep ROOT encodeurl@2.0.0 OK for: express@5.2.1 want: ^2.0.0
161 silly placeDep ROOT escape-html@1.0.3 OK for: express@5.2.1 want: ^1.0.3
162 silly placeDep ROOT etag@1.8.1 OK for: express@5.2.1 want: ^1.8.1
163 silly placeDep ROOT finalhandler@2.1.1 OK for: express@5.2.1 want: ^2.1.0
164 silly placeDep ROOT fresh@2.0.0 OK for: express@5.2.1 want: ^2.0.0
165 silly placeDep ROOT http-errors@2.0.1 OK for: express@5.2.1 want: ^2.0.0
166 silly placeDep ROOT merge-descriptors@2.0.0 OK for: express@5.2.1 want: ^2.0.0
167 silly placeDep ROOT mime-types@3.0.2 OK for: express@5.2.1 want: ^3.0.0
168 silly placeDep ROOT on-finished@2.4.1 OK for: express@5.2.1 want: ^2.4.1
169 silly placeDep ROOT once@1.4.0 OK for: express@5.2.1 want: ^1.4.0
170 silly placeDep ROOT parseurl@1.3.3 OK for: express@5.2.1 want: ^1.3.3
171 silly placeDep ROOT proxy-addr@2.0.7 OK for: express@5.2.1 want: ^2.0.7
172 silly placeDep ROOT qs@6.15.0 OK for: express@5.2.1 want: ^6.14.0
173 silly placeDep ROOT range-parser@1.2.1 OK for: express@5.2.1 want: ^1.2.1
174 silly placeDep ROOT router@2.2.0 OK for: express@5.2.1 want: ^2.2.0
175 silly placeDep ROOT send@1.2.1 OK for: express@5.2.1 want: ^1.1.0
176 silly placeDep ROOT serve-static@2.2.1 OK for: express@5.2.1 want: ^2.2.0
177 silly placeDep ROOT statuses@2.0.2 OK for: express@5.2.1 want: ^2.0.1
178 silly placeDep ROOT type-is@2.0.1 OK for: express@5.2.1 want: ^2.0.1
179 silly placeDep ROOT vary@1.1.2 OK for: express@5.2.1 want: ^1.1.2
180 silly fetch manifest negotiator@^1.0.0
181 silly packumentCache full:https://registry.npmjs.org/negotiator cache-miss
182 http fetch GET 200 https://registry.npmjs.org/negotiator 34ms (cache miss)
183 silly packumentCache full:https://registry.npmjs.org/negotiator set size:undefined disposed:false
184 silly fetch manifest bytes@^3.1.2
185 silly packumentCache full:https://registry.npmjs.org/bytes cache-miss
186 http fetch GET 200 https://registry.npmjs.org/bytes 22ms (cache miss)
187 silly packumentCache full:https://registry.npmjs.org/bytes set size:undefined disposed:false
188 silly fetch manifest debug@^4.4.3
189 silly packumentCache full:https://registry.npmjs.org/debug cache-miss
190 http fetch GET 200 https://registry.npmjs.org/debug 5ms (cache hit)
191 silly packumentCache full:https://registry.npmjs.org/debug set size:195840 disposed:false
192 silly fetch manifest iconv-lite@^0.7.0
193 silly packumentCache full:https://registry.npmjs.org/iconv-lite cache-miss
194 http fetch GET 200 https://registry.npmjs.org/iconv-lite 22ms (cache miss)
195 silly packumentCache full:https://registry.npmjs.org/iconv-lite set size:undefined disposed:false
196 silly fetch manifest qs@^6.14.1
197 silly packumentCache full:https://registry.npmjs.org/qs cache-miss
198 http fetch GET 200 https://registry.npmjs.org/qs 3ms (cache hit)
199 silly packumentCache full:https://registry.npmjs.org/qs set size:350258 disposed:false
200 silly fetch manifest raw-body@^3.0.1
201 silly packumentCache full:https://registry.npmjs.org/raw-body cache-miss
202 http fetch GET 200 https://registry.npmjs.org/raw-body 25ms (cache miss)
203 silly packumentCache full:https://registry.npmjs.org/raw-body set size:undefined disposed:false
204 silly fetch manifest ms@^2.1.3
205 silly packumentCache full:https://registry.npmjs.org/ms cache-miss
206 http fetch GET 200 https://registry.npmjs.org/ms 27ms (cache miss)
207 silly packumentCache full:https://registry.npmjs.org/ms set size:undefined disposed:false
208 silly fetch manifest inherits@~2.0.4
209 silly packumentCache full:https://registry.npmjs.org/inherits cache-miss
210 http fetch GET 200 https://registry.npmjs.org/inherits 31ms (cache miss)
211 silly packumentCache full:https://registry.npmjs.org/inherits set size:undefined disposed:false
212 silly fetch manifest setprototypeof@~1.2.0
213 silly packumentCache full:https://registry.npmjs.org/setprototypeof cache-miss
214 http fetch GET 200 https://registry.npmjs.org/setprototypeof 27ms (cache miss)
215 silly packumentCache full:https://registry.npmjs.org/setprototypeof set size:undefined disposed:false
216 silly fetch manifest statuses@~2.0.2
217 silly packumentCache full:https://registry.npmjs.org/statuses cache-miss
218 http fetch GET 200 https://registry.npmjs.org/statuses 3ms (cache hit)
219 silly packumentCache full:https://registry.npmjs.org/statuses set size:37117 disposed:false
220 silly fetch manifest toidentifier@~1.0.1
221 silly packumentCache full:https://registry.npmjs.org/toidentifier cache-miss
222 http fetch GET 200 https://registry.npmjs.org/toidentifier 23ms (cache miss)
223 silly packumentCache full:https://registry.npmjs.org/toidentifier set size:undefined disposed:false
224 silly fetch manifest mime-db@^1.54.0
225 silly packumentCache full:https://registry.npmjs.org/mime-db cache-miss
226 http fetch GET 200 https://registry.npmjs.org/mime-db 25ms (cache miss)
227 silly packumentCache full:https://registry.npmjs.org/mime-db set size:undefined disposed:false
228 silly fetch manifest ee-first@1.1.1
229 silly packumentCache full:https://registry.npmjs.org/ee-first cache-miss
230 http fetch GET 200 https://registry.npmjs.org/ee-first 23ms (cache miss)
231 silly packumentCache full:https://registry.npmjs.org/ee-first set size:undefined disposed:false
232 silly fetch manifest wrappy@1
233 silly packumentCache full:https://registry.npmjs.org/wrappy cache-miss
234 http fetch GET 200 https://registry.npmjs.org/wrappy 23ms (cache miss)
235 silly packumentCache full:https://registry.npmjs.org/wrappy set size:undefined disposed:false
236 silly fetch manifest forwarded@0.2.0
237 silly packumentCache full:https://registry.npmjs.org/forwarded cache-miss
238 http fetch GET 200 https://registry.npmjs.org/forwarded 23ms (cache miss)
239 silly packumentCache full:https://registry.npmjs.org/forwarded set size:undefined disposed:false
240 silly fetch manifest ipaddr.js@1.9.1
241 silly packumentCache full:https://registry.npmjs.org/ipaddr.js cache-miss
242 http fetch GET 200 https://registry.npmjs.org/ipaddr.js 49ms (cache miss)
243 silly packumentCache full:https://registry.npmjs.org/ipaddr.js set size:undefined disposed:false
244 silly fetch manifest side-channel@^1.1.0
245 silly packumentCache full:https://registry.npmjs.org/side-channel cache-miss
246 http fetch GET 200 https://registry.npmjs.org/side-channel 29ms (cache miss)
247 silly packumentCache full:https://registry.npmjs.org/side-channel set size:undefined disposed:false
248 silly fetch manifest is-promise@^4.0.0
249 silly packumentCache full:https://registry.npmjs.org/is-promise cache-miss
250 http fetch GET 200 https://registry.npmjs.org/is-promise 26ms (cache miss)
251 silly packumentCache full:https://registry.npmjs.org/is-promise set size:undefined disposed:false
252 silly fetch manifest path-to-regexp@^8.0.0
253 silly packumentCache full:https://registry.npmjs.org/path-to-regexp cache-miss
254 http fetch GET 200 https://registry.npmjs.org/path-to-regexp 31ms (cache miss)
255 silly packumentCache full:https://registry.npmjs.org/path-to-regexp set size:undefined disposed:false
256 silly fetch manifest statuses@^2.0.2
257 silly packumentCache full:https://registry.npmjs.org/statuses cache-hit
258 silly fetch manifest media-typer@^1.1.0
259 silly packumentCache full:https://registry.npmjs.org/media-typer cache-miss
260 http fetch GET 200 https://registry.npmjs.org/media-typer 23ms (cache miss)
261 silly packumentCache full:https://registry.npmjs.org/media-typer set size:undefined disposed:false
262 silly placeDep ROOT negotiator@1.0.0 OK for: accepts@2.0.0 want: ^1.0.0
263 silly placeDep ROOT bytes@3.1.2 OK for: body-parser@2.2.2 want: ^3.1.2
264 silly placeDep ROOT iconv-lite@0.7.2 OK for: body-parser@2.2.2 want: ^0.7.0
265 silly placeDep ROOT raw-body@3.0.2 OK for: body-parser@2.2.2 want: ^3.0.1
266 silly fetch manifest safer-buffer@>= 2.1.2 < 3.0.0
267 silly packumentCache full:https://registry.npmjs.org/safer-buffer cache-miss
268 http fetch GET 200 https://registry.npmjs.org/safer-buffer 31ms (cache miss)
269 silly packumentCache full:https://registry.npmjs.org/safer-buffer set size:undefined disposed:false
270 silly fetch manifest unpipe@~1.0.0
271 silly packumentCache full:https://registry.npmjs.org/unpipe cache-miss
272 http fetch GET 200 https://registry.npmjs.org/unpipe 27ms (cache miss)
273 silly packumentCache full:https://registry.npmjs.org/unpipe set size:undefined disposed:false
274 silly placeDep ROOT ms@2.1.3 OK for: debug@4.4.3 want: ^2.1.3
275 silly placeDep ROOT inherits@2.0.4 OK for: http-errors@2.0.1 want: ~2.0.4
276 silly placeDep ROOT setprototypeof@1.2.0 OK for: http-errors@2.0.1 want: ~1.2.0
277 silly placeDep ROOT toidentifier@1.0.1 OK for: http-errors@2.0.1 want: ~1.0.1
278 silly placeDep ROOT safer-buffer@2.1.2 OK for: iconv-lite@0.7.2 want: >= 2.1.2 < 3.0.0
279 silly placeDep ROOT mime-db@1.54.0 OK for: mime-types@3.0.2 want: ^1.54.0
280 silly placeDep ROOT bignumber.js@9.0.0 OK for: mysql@2.18.1 want: 9.0.0
281 silly placeDep ROOT readable-stream@2.3.7 OK for: mysql@2.18.1 want: 2.3.7
282 silly placeDep ROOT safe-buffer@5.1.2 OK for: mysql@2.18.1 want: 5.1.2
283 silly placeDep ROOT sqlstring@2.3.1 OK for: mysql@2.18.1 want: 2.3.1
284 silly fetch manifest isarray@~1.0.0
285 silly packumentCache full:https://registry.npmjs.org/isarray cache-miss
286 http fetch GET 200 https://registry.npmjs.org/isarray 24ms (cache miss)
287 silly packumentCache full:https://registry.npmjs.org/isarray set size:undefined disposed:false
288 silly fetch manifest safe-buffer@~5.1.1
289 silly packumentCache full:https://registry.npmjs.org/safe-buffer cache-miss
290 http fetch GET 200 https://registry.npmjs.org/safe-buffer 5ms (cache hit)
291 silly packumentCache full:https://registry.npmjs.org/safe-buffer set size:41183 disposed:false
292 silly fetch manifest core-util-is@~1.0.0
293 silly packumentCache full:https://registry.npmjs.org/core-util-is cache-miss
294 http fetch GET 200 https://registry.npmjs.org/core-util-is 25ms (cache miss)
295 silly packumentCache full:https://registry.npmjs.org/core-util-is set size:undefined disposed:false
296 silly fetch manifest string_decoder@~1.1.1
297 silly packumentCache full:https://registry.npmjs.org/string_decoder cache-miss
298 http fetch GET 200 https://registry.npmjs.org/string_decoder 28ms (cache miss)
299 silly packumentCache full:https://registry.npmjs.org/string_decoder set size:undefined disposed:false
300 silly fetch manifest util-deprecate@~1.0.1
301 silly packumentCache full:https://registry.npmjs.org/util-deprecate cache-miss
302 http fetch GET 200 https://registry.npmjs.org/util-deprecate 41ms (cache miss)
303 silly packumentCache full:https://registry.npmjs.org/util-deprecate set size:undefined disposed:false
304 silly fetch manifest process-nextick-args@~2.0.0
305 silly packumentCache full:https://registry.npmjs.org/process-nextick-args cache-miss
306 http fetch GET 200 https://registry.npmjs.org/process-nextick-args 22ms (cache miss)
307 silly packumentCache full:https://registry.npmjs.org/process-nextick-args set size:undefined disposed:false
308 silly placeDep ROOT ee-first@1.1.1 OK for: on-finished@2.4.1 want: 1.1.1
309 silly placeDep ROOT wrappy@1.0.2 OK for: once@1.4.0 want: 1
310 silly placeDep ROOT forwarded@0.2.0 OK for: proxy-addr@2.0.7 want: 0.2.0
311 silly placeDep ROOT ipaddr.js@1.9.1 OK for: proxy-addr@2.0.7 want: 1.9.1
312 silly placeDep ROOT side-channel@1.1.0 OK for: qs@6.15.0 want: ^1.1.0
313 silly fetch manifest es-errors@^1.3.0
314 silly packumentCache full:https://registry.npmjs.org/es-errors cache-miss
315 http fetch GET 200 https://registry.npmjs.org/es-errors 26ms (cache miss)
316 silly packumentCache full:https://registry.npmjs.org/es-errors set size:undefined disposed:false
317 silly fetch manifest object-inspect@^1.13.3
318 silly packumentCache full:https://registry.npmjs.org/object-inspect cache-miss
319 http fetch GET 200 https://registry.npmjs.org/object-inspect 28ms (cache miss)
320 silly packumentCache full:https://registry.npmjs.org/object-inspect set size:undefined disposed:false
321 silly fetch manifest side-channel-list@^1.0.0
322 silly packumentCache full:https://registry.npmjs.org/side-channel-list cache-miss
323 http fetch GET 200 https://registry.npmjs.org/side-channel-list 36ms (cache miss)
324 silly packumentCache full:https://registry.npmjs.org/side-channel-list set size:undefined disposed:false
325 silly fetch manifest side-channel-map@^1.0.1
326 silly packumentCache full:https://registry.npmjs.org/side-channel-map cache-miss
327 http fetch GET 200 https://registry.npmjs.org/side-channel-map 30ms (cache miss)
328 silly packumentCache full:https://registry.npmjs.org/side-channel-map set size:undefined disposed:false
329 silly fetch manifest side-channel-weakmap@^1.0.2
330 silly packumentCache full:https://registry.npmjs.org/side-channel-weakmap cache-miss
331 http fetch GET 200 https://registry.npmjs.org/side-channel-weakmap 26ms (cache miss)
332 silly packumentCache full:https://registry.npmjs.org/side-channel-weakmap set size:undefined disposed:false
333 silly placeDep ROOT unpipe@1.0.0 OK for: raw-body@3.0.2 want: ~1.0.0
334 silly placeDep ROOT core-util-is@1.0.3 OK for: readable-stream@2.3.7 want: ~1.0.0
335 silly placeDep ROOT isarray@1.0.0 OK for: readable-stream@2.3.7 want: ~1.0.0
336 silly placeDep ROOT process-nextick-args@2.0.1 OK for: readable-stream@2.3.7 want: ~2.0.0
337 silly placeDep ROOT string_decoder@1.1.1 OK for: readable-stream@2.3.7 want: ~1.1.1
338 silly placeDep ROOT util-deprecate@1.0.2 OK for: readable-stream@2.3.7 want: ~1.0.1
339 silly placeDep ROOT is-promise@4.0.0 OK for: router@2.2.0 want: ^4.0.0
340 silly placeDep ROOT path-to-regexp@8.3.0 OK for: router@2.2.0 want: ^8.0.0
341 silly placeDep ROOT es-errors@1.3.0 OK for: side-channel@1.1.0 want: ^1.3.0
342 silly placeDep ROOT object-inspect@1.13.4 OK for: side-channel@1.1.0 want: ^1.13.3
343 silly placeDep ROOT side-channel-list@1.0.0 OK for: side-channel@1.1.0 want: ^1.0.0
344 silly placeDep ROOT side-channel-map@1.0.1 OK for: side-channel@1.1.0 want: ^1.0.1
345 silly placeDep ROOT side-channel-weakmap@1.0.2 OK for: side-channel@1.1.0 want: ^1.0.2
346 silly fetch manifest call-bound@^1.0.2
347 silly packumentCache full:https://registry.npmjs.org/call-bound cache-miss
348 http fetch GET 200 https://registry.npmjs.org/call-bound 28ms (cache miss)
349 silly packumentCache full:https://registry.npmjs.org/call-bound set size:undefined disposed:false
350 silly fetch manifest get-intrinsic@^1.2.5
351 silly packumentCache full:https://registry.npmjs.org/get-intrinsic cache-miss
352 http fetch GET 200 https://registry.npmjs.org/get-intrinsic 25ms (cache miss)
353 silly packumentCache full:https://registry.npmjs.org/get-intrinsic set size:undefined disposed:false
354 silly placeDep ROOT call-bound@1.0.4 OK for: side-channel-map@1.0.1 want: ^1.0.2
355 silly placeDep ROOT get-intrinsic@1.3.0 OK for: side-channel-map@1.0.1 want: ^1.2.5
356 silly fetch manifest call-bind-apply-helpers@^1.0.2
357 silly packumentCache full:https://registry.npmjs.org/call-bind-apply-helpers cache-miss
358 http fetch GET 200 https://registry.npmjs.org/call-bind-apply-helpers 23ms (cache miss)
359 silly packumentCache full:https://registry.npmjs.org/call-bind-apply-helpers set size:undefined disposed:false
360 silly fetch manifest get-intrinsic@^1.3.0
361 silly packumentCache full:https://registry.npmjs.org/get-intrinsic cache-miss
362 http fetch GET 200 https://registry.npmjs.org/get-intrinsic 3ms (cache hit)
363 silly packumentCache full:https://registry.npmjs.org/get-intrinsic set size:60985 disposed:false
364 silly fetch manifest gopd@^1.2.0
365 silly packumentCache full:https://registry.npmjs.org/gopd cache-miss
366 http fetch GET 200 https://registry.npmjs.org/gopd 22ms (cache miss)
367 silly packumentCache full:https://registry.npmjs.org/gopd set size:undefined disposed:false
368 silly fetch manifest hasown@^2.0.2
369 silly packumentCache full:https://registry.npmjs.org/hasown cache-miss
370 http fetch GET 200 https://registry.npmjs.org/hasown 26ms (cache miss)
371 silly packumentCache full:https://registry.npmjs.org/hasown set size:undefined disposed:false
372 silly fetch manifest get-proto@^1.0.1
373 silly packumentCache full:https://registry.npmjs.org/get-proto cache-miss
374 http fetch GET 200 https://registry.npmjs.org/get-proto 29ms (cache miss)
375 silly packumentCache full:https://registry.npmjs.org/get-proto set size:undefined disposed:false
376 silly fetch manifest has-symbols@^1.1.0
377 silly packumentCache full:https://registry.npmjs.org/has-symbols cache-miss
378 http fetch GET 200 https://registry.npmjs.org/has-symbols 27ms (cache miss)
379 silly packumentCache full:https://registry.npmjs.org/has-symbols set size:undefined disposed:false
380 silly fetch manifest function-bind@^1.1.2
381 silly packumentCache full:https://registry.npmjs.org/function-bind cache-miss
382 http fetch GET 200 https://registry.npmjs.org/function-bind 23ms (cache miss)
383 silly packumentCache full:https://registry.npmjs.org/function-bind set size:undefined disposed:false
384 silly fetch manifest es-object-atoms@^1.1.1
385 silly packumentCache full:https://registry.npmjs.org/es-object-atoms cache-miss
386 http fetch GET 200 https://registry.npmjs.org/es-object-atoms 24ms (cache miss)
387 silly packumentCache full:https://registry.npmjs.org/es-object-atoms set size:undefined disposed:false
388 silly fetch manifest math-intrinsics@^1.1.0
389 silly packumentCache full:https://registry.npmjs.org/math-intrinsics cache-miss
390 http fetch GET 200 https://registry.npmjs.org/math-intrinsics 25ms (cache miss)
391 silly packumentCache full:https://registry.npmjs.org/math-intrinsics set size:undefined disposed:false
392 silly fetch manifest es-define-property@^1.0.1
393 silly packumentCache full:https://registry.npmjs.org/es-define-property cache-miss
394 http fetch GET 200 https://registry.npmjs.org/es-define-property 26ms (cache miss)
395 silly packumentCache full:https://registry.npmjs.org/es-define-property set size:undefined disposed:false
396 silly placeDep ROOT call-bind-apply-helpers@1.0.2 OK for: call-bound@1.0.4 want: ^1.0.2
397 silly placeDep ROOT function-bind@1.1.2 OK for: call-bind-apply-helpers@1.0.2 want: ^1.1.2
398 silly placeDep ROOT es-define-property@1.0.1 OK for: get-intrinsic@1.3.0 want: ^1.0.1
399 silly placeDep ROOT es-object-atoms@1.1.1 OK for: get-intrinsic@1.3.0 want: ^1.1.1
400 silly placeDep ROOT get-proto@1.0.1 OK for: get-intrinsic@1.3.0 want: ^1.0.1
401 silly placeDep ROOT gopd@1.2.0 OK for: get-intrinsic@1.3.0 want: ^1.2.0
402 silly placeDep ROOT has-symbols@1.1.0 OK for: get-intrinsic@1.3.0 want: ^1.1.0
403 silly placeDep ROOT hasown@2.0.2 OK for: get-intrinsic@1.3.0 want: ^2.0.2
404 silly placeDep ROOT math-intrinsics@1.1.0 OK for: get-intrinsic@1.3.0 want: ^1.1.0
405 silly fetch manifest dunder-proto@^1.0.1
406 silly packumentCache full:https://registry.npmjs.org/dunder-proto cache-miss
407 http fetch GET 200 https://registry.npmjs.org/dunder-proto 24ms (cache miss)
408 silly packumentCache full:https://registry.npmjs.org/dunder-proto set size:undefined disposed:false
409 silly placeDep ROOT dunder-proto@1.0.1 OK for: get-proto@1.0.1 want: ^1.0.1
410 silly placeDep ROOT media-typer@1.1.0 OK for: type-is@2.0.1 want: ^1.1.0
411 silly reify moves {}
412 silly audit bulk request {
412 silly audit   express: [ '5.2.1' ],
412 silly audit   mysql: [ '2.18.1' ],
412 silly audit   accepts: [ '2.0.0' ],
412 silly audit   'body-parser': [ '2.2.2' ],
412 silly audit   'content-disposition': [ '1.0.1' ],
412 silly audit   'content-type': [ '1.0.5' ],
412 silly audit   cookie: [ '0.7.2' ],
412 silly audit   'cookie-signature': [ '1.2.2' ],
412 silly audit   debug: [ '4.4.3' ],
412 silly audit   depd: [ '2.0.0' ],
412 silly audit   encodeurl: [ '2.0.0' ],
412 silly audit   'escape-html': [ '1.0.3' ],
412 silly audit   etag: [ '1.8.1' ],
412 silly audit   finalhandler: [ '2.1.1' ],
412 silly audit   fresh: [ '2.0.0' ],
412 silly audit   'http-errors': [ '2.0.1' ],
412 silly audit   'merge-descriptors': [ '2.0.0' ],
412 silly audit   'mime-types': [ '3.0.2' ],
412 silly audit   'on-finished': [ '2.4.1' ],
412 silly audit   once: [ '1.4.0' ],
412 silly audit   parseurl: [ '1.3.3' ],
412 silly audit   'proxy-addr': [ '2.0.7' ],
412 silly audit   qs: [ '6.15.0' ],
412 silly audit   'range-parser': [ '1.2.1' ],
412 silly audit   router: [ '2.2.0' ],
412 silly audit   send: [ '1.2.1' ],
412 silly audit   'serve-static': [ '2.2.1' ],
412 silly audit   statuses: [ '2.0.2' ],
412 silly audit   'type-is': [ '2.0.1' ],
412 silly audit   vary: [ '1.1.2' ],
412 silly audit   negotiator: [ '1.0.0' ],
412 silly audit   bytes: [ '3.1.2' ],
412 silly audit   'iconv-lite': [ '0.7.2' ],
412 silly audit   'raw-body': [ '3.0.2' ],
412 silly audit   ms: [ '2.1.3' ],
412 silly audit   inherits: [ '2.0.4' ],
412 silly audit   setprototypeof: [ '1.2.0' ],
412 silly audit   toidentifier: [ '1.0.1' ],
412 silly audit   'safer-buffer': [ '2.1.2' ],
412 silly audit   'mime-db': [ '1.54.0' ],
412 silly audit   'bignumber.js': [ '9.0.0' ],
412 silly audit   'readable-stream': [ '2.3.7' ],
412 silly audit   'safe-buffer': [ '5.1.2' ],
412 silly audit   sqlstring: [ '2.3.1' ],
412 silly audit   'ee-first': [ '1.1.1' ],
412 silly audit   wrappy: [ '1.0.2' ],
412 silly audit   forwarded: [ '0.2.0' ],
412 silly audit   'ipaddr.js': [ '1.9.1' ],
412 silly audit   'side-channel': [ '1.1.0' ],
412 silly audit   unpipe: [ '1.0.0' ],
412 silly audit   'core-util-is': [ '1.0.3' ],
412 silly audit   isarray: [ '1.0.0' ],
412 silly audit   'process-nextick-args': [ '2.0.1' ],
412 silly audit   string_decoder: [ '1.1.1' ],
412 silly audit   'util-deprecate': [ '1.0.2' ],
412 silly audit   'is-promise': [ '4.0.0' ],
412 silly audit   'path-to-regexp': [ '8.3.0' ],
412 silly audit   'es-errors': [ '1.3.0' ],
412 silly audit   'object-inspect': [ '1.13.4' ],
412 silly audit   'side-channel-list': [ '1.0.0' ],
412 silly audit   'side-channel-map': [ '1.0.1' ],
412 silly audit   'side-channel-weakmap': [ '1.0.2' ],
412 silly audit   'call-bound': [ '1.0.4' ],
412 silly audit   'get-intrinsic': [ '1.3.0' ],
412 silly audit   'call-bind-apply-helpers': [ '1.0.2' ],
412 silly audit   'function-bind': [ '1.1.2' ],
412 silly audit   'es-define-property': [ '1.0.1' ],
412 silly audit   'es-object-atoms': [ '1.1.1' ],
412 silly audit   'get-proto': [ '1.0.1' ],
412 silly audit   gopd: [ '1.2.0' ],
412 silly audit   'has-symbols': [ '1.1.0' ],
412 silly audit   hasown: [ '2.0.2' ],
412 silly audit   'math-intrinsics': [ '1.1.0' ],
412 silly audit   'dunder-proto': [ '1.0.1' ],
412 silly audit   'media-typer': [ '1.1.0' ]
412 silly audit }
413 silly tarball no local data for media-typer@https://registry.npmjs.org/media-typer/-/media-typer-1.1.0.tgz. Extracting by manifest.
414 silly tarball no local data for dunder-proto@https://registry.npmjs.org/dunder-proto/-/dunder-proto-1.0.1.tgz. Extracting by manifest.
415 silly tarball no local data for math-intrinsics@https://registry.npmjs.org/math-intrinsics/-/math-intrinsics-1.1.0.tgz. Extracting by manifest.
416 silly tarball no local data for has-symbols@https://registry.npmjs.org/has-symbols/-/has-symbols-1.1.0.tgz. Extracting by manifest.
417 silly tarball no local data for gopd@https://registry.npmjs.org/gopd/-/gopd-1.2.0.tgz. Extracting by manifest.
418 silly tarball no local data for get-proto@https://registry.npmjs.org/get-proto/-/get-proto-1.0.1.tgz. Extracting by manifest.
419 silly tarball no local data for es-object-atoms@https://registry.npmjs.org/es-object-atoms/-/es-object-atoms-1.1.1.tgz. Extracting by manifest.
420 silly tarball no local data for es-define-property@https://registry.npmjs.org/es-define-property/-/es-define-property-1.0.1.tgz. Extracting by manifest.
421 silly tarball no local data for function-bind@https://registry.npmjs.org/function-bind/-/function-bind-1.1.2.tgz. Extracting by manifest.
422 silly tarball no local data for hasown@https://registry.npmjs.org/hasown/-/hasown-2.0.2.tgz. Extracting by manifest.
423 silly tarball no local data for call-bind-apply-helpers@https://registry.npmjs.org/call-bind-apply-helpers/-/call-bind-apply-helpers-1.0.2.tgz. Extracting by manifest.
424 silly tarball no local data for get-intrinsic@https://registry.npmjs.org/get-intrinsic/-/get-intrinsic-1.3.0.tgz. Extracting by manifest.
425 silly tarball no local data for call-bound@https://registry.npmjs.org/call-bound/-/call-bound-1.0.4.tgz. Extracting by manifest.
426 silly tarball no local data for side-channel-weakmap@https://registry.npmjs.org/side-channel-weakmap/-/side-channel-weakmap-1.0.2.tgz. Extracting by manifest.
427 silly tarball no local data for side-channel-map@https://registry.npmjs.org/side-channel-map/-/side-channel-map-1.0.1.tgz. Extracting by manifest.
428 silly tarball no local data for side-channel-list@https://registry.npmjs.org/side-channel-list/-/side-channel-list-1.0.0.tgz. Extracting by manifest.
429 silly tarball no local data for object-inspect@https://registry.npmjs.org/object-inspect/-/object-inspect-1.13.4.tgz. Extracting by manifest.
430 silly tarball no local data for es-errors@https://registry.npmjs.org/es-errors/-/es-errors-1.3.0.tgz. Extracting by manifest.
431 silly tarball no local data for path-to-regexp@https://registry.npmjs.org/path-to-regexp/-/path-to-regexp-8.3.0.tgz. Extracting by manifest.
432 silly tarball no local data for is-promise@https://registry.npmjs.org/is-promise/-/is-promise-4.0.0.tgz. Extracting by manifest.
433 silly tarball no local data for util-deprecate@https://registry.npmjs.org/util-deprecate/-/util-deprecate-1.0.2.tgz. Extracting by manifest.
434 silly tarball no local data for string_decoder@https://registry.npmjs.org/string_decoder/-/string_decoder-1.1.1.tgz. Extracting by manifest.
435 silly tarball no local data for process-nextick-args@https://registry.npmjs.org/process-nextick-args/-/process-nextick-args-2.0.1.tgz. Extracting by manifest.
436 silly tarball no local data for isarray@https://registry.npmjs.org/isarray/-/isarray-1.0.0.tgz. Extracting by manifest.
437 silly tarball no local data for core-util-is@https://registry.npmjs.org/core-util-is/-/core-util-is-1.0.3.tgz. Extracting by manifest.
438 silly tarball no local data for unpipe@https://registry.npmjs.org/unpipe/-/unpipe-1.0.0.tgz. Extracting by manifest.
439 silly tarball no local data for side-channel@https://registry.npmjs.org/side-channel/-/side-channel-1.1.0.tgz. Extracting by manifest.
440 silly tarball no local data for ipaddr.js@https://registry.npmjs.org/ipaddr.js/-/ipaddr.js-1.9.1.tgz. Extracting by manifest.
441 silly tarball no local data for forwarded@https://registry.npmjs.org/forwarded/-/forwarded-0.2.0.tgz. Extracting by manifest.
442 silly tarball no local data for wrappy@https://registry.npmjs.org/wrappy/-/wrappy-1.0.2.tgz. Extracting by manifest.
443 silly tarball no local data for ee-first@https://registry.npmjs.org/ee-first/-/ee-first-1.1.1.tgz. Extracting by manifest.
444 silly tarball no local data for sqlstring@https://registry.npmjs.org/sqlstring/-/sqlstring-2.3.1.tgz. Extracting by manifest.
445 silly tarball no local data for safe-buffer@https://registry.npmjs.org/safe-buffer/-/safe-buffer-5.1.2.tgz. Extracting by manifest.
446 silly tarball no local data for readable-stream@https://registry.npmjs.org/readable-stream/-/readable-stream-2.3.7.tgz. Extracting by manifest.
447 silly tarball no local data for bignumber.js@https://registry.npmjs.org/bignumber.js/-/bignumber.js-9.0.0.tgz. Extracting by manifest.
448 silly tarball no local data for mime-db@https://registry.npmjs.org/mime-db/-/mime-db-1.54.0.tgz. Extracting by manifest.
449 silly tarball no local data for safer-buffer@https://registry.npmjs.org/safer-buffer/-/safer-buffer-2.1.2.tgz. Extracting by manifest.
450 silly tarball no local data for toidentifier@https://registry.npmjs.org/toidentifier/-/toidentifier-1.0.1.tgz. Extracting by manifest.
451 silly tarball no local data for setprototypeof@https://registry.npmjs.org/setprototypeof/-/setprototypeof-1.2.0.tgz. Extracting by manifest.
452 silly tarball no local data for inherits@https://registry.npmjs.org/inherits/-/inherits-2.0.4.tgz. Extracting by manifest.
453 silly tarball no local data for ms@https://registry.npmjs.org/ms/-/ms-2.1.3.tgz. Extracting by manifest.
454 silly tarball no local data for raw-body@https://registry.npmjs.org/raw-body/-/raw-body-3.0.2.tgz. Extracting by manifest.
455 silly tarball no local data for iconv-lite@https://registry.npmjs.org/iconv-lite/-/iconv-lite-0.7.2.tgz. Extracting by manifest.
456 silly tarball no local data for bytes@https://registry.npmjs.org/bytes/-/bytes-3.1.2.tgz. Extracting by manifest.
457 silly tarball no local data for negotiator@https://registry.npmjs.org/negotiator/-/negotiator-1.0.0.tgz. Extracting by manifest.
458 silly tarball no local data for vary@https://registry.npmjs.org/vary/-/vary-1.1.2.tgz. Extracting by manifest.
459 silly tarball no local data for type-is@https://registry.npmjs.org/type-is/-/type-is-2.0.1.tgz. Extracting by manifest.
460 silly tarball no local data for statuses@https://registry.npmjs.org/statuses/-/statuses-2.0.2.tgz. Extracting by manifest.
461 silly tarball no local data for serve-static@https://registry.npmjs.org/serve-static/-/serve-static-2.2.1.tgz. Extracting by manifest.
462 silly tarball no local data for send@https://registry.npmjs.org/send/-/send-1.2.1.tgz. Extracting by manifest.
463 silly tarball no local data for router@https://registry.npmjs.org/router/-/router-2.2.0.tgz. Extracting by manifest.
464 silly tarball no local data for range-parser@https://registry.npmjs.org/range-parser/-/range-parser-1.2.1.tgz. Extracting by manifest.
465 silly tarball no local data for qs@https://registry.npmjs.org/qs/-/qs-6.15.0.tgz. Extracting by manifest.
466 silly tarball no local data for proxy-addr@https://registry.npmjs.org/proxy-addr/-/proxy-addr-2.0.7.tgz. Extracting by manifest.
467 silly tarball no local data for parseurl@https://registry.npmjs.org/parseurl/-/parseurl-1.3.3.tgz. Extracting by manifest.
468 silly tarball no local data for once@https://registry.npmjs.org/once/-/once-1.4.0.tgz. Extracting by manifest.
469 silly tarball no local data for on-finished@https://registry.npmjs.org/on-finished/-/on-finished-2.4.1.tgz. Extracting by manifest.
470 silly tarball no local data for mime-types@https://registry.npmjs.org/mime-types/-/mime-types-3.0.2.tgz. Extracting by manifest.
471 silly tarball no local data for merge-descriptors@https://registry.npmjs.org/merge-descriptors/-/merge-descriptors-2.0.0.tgz. Extracting by manifest.
472 silly tarball no local data for http-errors@https://registry.npmjs.org/http-errors/-/http-errors-2.0.1.tgz. Extracting by manifest.
473 silly tarball no local data for fresh@https://registry.npmjs.org/fresh/-/fresh-2.0.0.tgz. Extracting by manifest.
474 silly tarball no local data for finalhandler@https://registry.npmjs.org/finalhandler/-/finalhandler-2.1.1.tgz. Extracting by manifest.
475 silly tarball no local data for etag@https://registry.npmjs.org/etag/-/etag-1.8.1.tgz. Extracting by manifest.
476 silly tarball no local data for escape-html@https://registry.npmjs.org/escape-html/-/escape-html-1.0.3.tgz. Extracting by manifest.
477 silly tarball no local data for encodeurl@https://registry.npmjs.org/encodeurl/-/encodeurl-2.0.0.tgz. Extracting by manifest.
478 silly tarball no local data for depd@https://registry.npmjs.org/depd/-/depd-2.0.0.tgz. Extracting by manifest.
479 silly tarball no local data for debug@https://registry.npmjs.org/debug/-/debug-4.4.3.tgz. Extracting by manifest.
480 silly tarball no local data for cookie-signature@https://registry.npmjs.org/cookie-signature/-/cookie-signature-1.2.2.tgz. Extracting by manifest.
481 silly tarball no local data for cookie@https://registry.npmjs.org/cookie/-/cookie-0.7.2.tgz. Extracting by manifest.
482 silly tarball no local data for content-type@https://registry.npmjs.org/content-type/-/content-type-1.0.5.tgz. Extracting by manifest.
483 silly tarball no local data for content-disposition@https://registry.npmjs.org/content-disposition/-/content-disposition-1.0.1.tgz. Extracting by manifest.
484 silly tarball no local data for body-parser@https://registry.npmjs.org/body-parser/-/body-parser-2.2.2.tgz. Extracting by manifest.
485 silly tarball no local data for accepts@https://registry.npmjs.org/accepts/-/accepts-2.0.0.tgz. Extracting by manifest.
486 silly tarball no local data for mysql@https://registry.npmjs.org/mysql/-/mysql-2.18.1.tgz. Extracting by manifest.
487 silly tarball no local data for express@https://registry.npmjs.org/express/-/express-5.2.1.tgz. Extracting by manifest.
488 http fetch POST 200 https://registry.npmjs.org/-/npm/v1/security/advisories/bulk 296ms
489 silly audit report {}
490 http fetch GET 200 https://registry.npmjs.org/es-object-atoms/-/es-object-atoms-1.1.1.tgz 457ms (cache miss)
491 http fetch GET 200 https://registry.npmjs.org/string_decoder/-/string_decoder-1.1.1.tgz 458ms (cache miss)
492 http fetch GET 200 https://registry.npmjs.org/side-channel-weakmap/-/side-channel-weakmap-1.0.2.tgz 476ms (cache miss)
493 http fetch GET 200 https://registry.npmjs.org/get-proto/-/get-proto-1.0.1.tgz 485ms (cache miss)
494 http fetch GET 200 https://registry.npmjs.org/is-promise/-/is-promise-4.0.0.tgz 471ms (cache miss)
495 http fetch GET 200 https://registry.npmjs.org/media-typer/-/media-typer-1.1.0.tgz 497ms (cache miss)
496 http fetch GET 200 https://registry.npmjs.org/es-define-property/-/es-define-property-1.0.1.tgz 492ms (cache miss)
497 http fetch GET 200 https://registry.npmjs.org/hasown/-/hasown-2.0.2.tgz 490ms (cache miss)
498 http fetch GET 200 https://registry.npmjs.org/util-deprecate/-/util-deprecate-1.0.2.tgz 477ms (cache miss)
499 http fetch GET 200 https://registry.npmjs.org/wrappy/-/wrappy-1.0.2.tgz 473ms (cache miss)
500 http fetch GET 200 https://registry.npmjs.org/process-nextick-args/-/process-nextick-args-2.0.1.tgz 484ms (cache miss)
501 http fetch GET 200 https://registry.npmjs.org/unpipe/-/unpipe-1.0.0.tgz 484ms (cache miss)
502 http fetch GET 200 https://registry.npmjs.org/toidentifier/-/toidentifier-1.0.1.tgz 477ms (cache miss)
503 http fetch GET 200 https://registry.npmjs.org/isarray/-/isarray-1.0.0.tgz 488ms (cache miss)
504 http fetch GET 200 https://registry.npmjs.org/side-channel-map/-/side-channel-map-1.0.1.tgz 499ms (cache miss)
505 http fetch GET 200 https://registry.npmjs.org/forwarded/-/forwarded-0.2.0.tgz 486ms (cache miss)
506 http fetch GET 200 https://registry.npmjs.org/ee-first/-/ee-first-1.1.1.tgz 485ms (cache miss)
507 http fetch GET 200 https://registry.npmjs.org/core-util-is/-/core-util-is-1.0.3.tgz 496ms (cache miss)
508 http fetch GET 200 https://registry.npmjs.org/setprototypeof/-/setprototypeof-1.2.0.tgz 488ms (cache miss)
509 http fetch GET 200 https://registry.npmjs.org/ms/-/ms-2.1.3.tgz 491ms (cache miss)
510 http fetch GET 200 https://registry.npmjs.org/gopd/-/gopd-1.2.0.tgz 523ms (cache miss)
511 http fetch GET 200 https://registry.npmjs.org/inherits/-/inherits-2.0.4.tgz 499ms (cache miss)
512 http fetch GET 200 https://registry.npmjs.org/bytes/-/bytes-3.1.2.tgz 497ms (cache miss)
513 http fetch GET 200 https://registry.npmjs.org/once/-/once-1.4.0.tgz 484ms (cache miss)
514 http fetch GET 200 https://registry.npmjs.org/merge-descriptors/-/merge-descriptors-2.0.0.tgz 482ms (cache miss)
515 http fetch GET 200 https://registry.npmjs.org/encodeurl/-/encodeurl-2.0.0.tgz 481ms (cache miss)
516 http fetch GET 200 https://registry.npmjs.org/http-errors/-/http-errors-2.0.1.tgz 488ms (cache miss)
517 http fetch GET 200 https://registry.npmjs.org/finalhandler/-/finalhandler-2.1.1.tgz 487ms (cache miss)
518 http fetch GET 200 https://registry.npmjs.org/side-channel-list/-/side-channel-list-1.0.0.tgz 526ms (cache miss)
519 http fetch GET 200 https://registry.npmjs.org/sqlstring/-/sqlstring-2.3.1.tgz 512ms (cache miss)
520 http fetch GET 200 https://registry.npmjs.org/content-type/-/content-type-1.0.5.tgz 492ms (cache miss)
521 http fetch GET 200 https://registry.npmjs.org/dunder-proto/-/dunder-proto-1.0.1.tgz 547ms (cache miss)
522 http fetch GET 200 https://registry.npmjs.org/function-bind/-/function-bind-1.1.2.tgz 541ms (cache miss)
523 http fetch GET 200 https://registry.npmjs.org/call-bind-apply-helpers/-/call-bind-apply-helpers-1.0.2.tgz 539ms (cache miss)
524 http fetch GET 200 https://registry.npmjs.org/statuses/-/statuses-2.0.2.tgz 513ms (cache miss)
525 http fetch GET 200 https://registry.npmjs.org/range-parser/-/range-parser-1.2.1.tgz 512ms (cache miss)
526 http fetch GET 200 https://registry.npmjs.org/on-finished/-/on-finished-2.4.1.tgz 501ms (cache miss)
527 http fetch GET 200 https://registry.npmjs.org/fresh/-/fresh-2.0.0.tgz 499ms (cache miss)
528 http fetch GET 200 https://registry.npmjs.org/escape-html/-/escape-html-1.0.3.tgz 498ms (cache miss)
529 http fetch GET 200 https://registry.npmjs.org/cookie-signature/-/cookie-signature-1.2.2.tgz 497ms (cache miss)
530 http fetch GET 200 https://registry.npmjs.org/accepts/-/accepts-2.0.0.tgz 494ms (cache miss)
531 http fetch GET 200 https://registry.npmjs.org/get-intrinsic/-/get-intrinsic-1.3.0.tgz 542ms (cache miss)
532 http fetch GET 200 https://registry.npmjs.org/call-bound/-/call-bound-1.0.4.tgz 541ms (cache miss)
533 http fetch GET 200 https://registry.npmjs.org/es-errors/-/es-errors-1.3.0.tgz 539ms (cache miss)
534 http fetch GET 200 https://registry.npmjs.org/raw-body/-/raw-body-3.0.2.tgz 520ms (cache miss)
535 http fetch GET 200 https://registry.npmjs.org/serve-static/-/serve-static-2.2.1.tgz 516ms (cache miss)
536 http fetch GET 200 https://registry.npmjs.org/vary/-/vary-1.1.2.tgz 519ms (cache miss)
537 http fetch GET 200 https://registry.npmjs.org/parseurl/-/parseurl-1.3.3.tgz 506ms (cache miss)
538 http fetch GET 200 https://registry.npmjs.org/side-channel/-/side-channel-1.1.0.tgz 530ms (cache miss)
539 http fetch GET 200 https://registry.npmjs.org/type-is/-/type-is-2.0.1.tgz 522ms (cache miss)
540 http fetch GET 200 https://registry.npmjs.org/proxy-addr/-/proxy-addr-2.0.7.tgz 511ms (cache miss)
541 http fetch GET 200 https://registry.npmjs.org/depd/-/depd-2.0.0.tgz 505ms (cache miss)
542 http fetch GET 200 https://registry.npmjs.org/negotiator/-/negotiator-1.0.0.tgz 525ms (cache miss)
543 http fetch GET 200 https://registry.npmjs.org/send/-/send-1.2.1.tgz 523ms (cache miss)
544 http fetch GET 200 https://registry.npmjs.org/ipaddr.js/-/ipaddr.js-1.9.1.tgz 538ms (cache miss)
545 http fetch GET 200 https://registry.npmjs.org/safer-buffer/-/safer-buffer-2.1.2.tgz 534ms (cache miss)
546 http fetch GET 200 https://registry.npmjs.org/mime-types/-/mime-types-3.0.2.tgz 516ms (cache miss)
547 http fetch GET 200 https://registry.npmjs.org/etag/-/etag-1.8.1.tgz 514ms (cache miss)
548 http fetch GET 200 https://registry.npmjs.org/path-to-regexp/-/path-to-regexp-8.3.0.tgz 551ms (cache miss)
549 http fetch GET 200 https://registry.npmjs.org/safe-buffer/-/safe-buffer-5.1.2.tgz 539ms (cache miss)
550 http fetch GET 200 https://registry.npmjs.org/content-disposition/-/content-disposition-1.0.1.tgz 511ms (cache miss)
551 http fetch GET 200 https://registry.npmjs.org/router/-/router-2.2.0.tgz 532ms (cache miss)
552 http fetch GET 200 https://registry.npmjs.org/has-symbols/-/has-symbols-1.1.0.tgz 567ms (cache miss)
553 http fetch GET 200 https://registry.npmjs.org/cookie/-/cookie-0.7.2.tgz 517ms (cache miss)
554 http fetch GET 200 https://registry.npmjs.org/debug/-/debug-4.4.3.tgz 523ms (cache miss)
555 http fetch GET 200 https://registry.npmjs.org/mime-db/-/mime-db-1.54.0.tgz 551ms (cache miss)
556 http fetch GET 200 https://registry.npmjs.org/body-parser/-/body-parser-2.2.2.tgz 526ms (cache miss)
557 http fetch GET 200 https://registry.npmjs.org/math-intrinsics/-/math-intrinsics-1.1.0.tgz 584ms (cache miss)
558 http fetch GET 200 https://registry.npmjs.org/express/-/express-5.2.1.tgz 529ms (cache miss)
559 http fetch GET 200 https://registry.npmjs.org/readable-stream/-/readable-stream-2.3.7.tgz 573ms (cache miss)
560 http fetch GET 200 https://registry.npmjs.org/object-inspect/-/object-inspect-1.13.4.tgz 592ms (cache miss)
561 http fetch GET 200 https://registry.npmjs.org/qs/-/qs-6.15.0.tgz 563ms (cache miss)
562 http fetch GET 200 https://registry.npmjs.org/bignumber.js/-/bignumber.js-9.0.0.tgz 581ms (cache miss)
563 http fetch GET 200 https://registry.npmjs.org/iconv-lite/-/iconv-lite-0.7.2.tgz 613ms (cache miss)
564 http fetch GET 200 https://registry.npmjs.org/mysql/-/mysql-2.18.1.tgz 591ms (cache miss)
565 silly ADD node_modules/media-typer
566 silly ADD node_modules/dunder-proto
567 silly ADD node_modules/math-intrinsics
568 silly ADD node_modules/hasown
569 silly ADD node_modules/has-symbols
570 silly ADD node_modules/gopd
571 silly ADD node_modules/get-proto
572 silly ADD node_modules/es-object-atoms
573 silly ADD node_modules/es-define-property
574 silly ADD node_modules/function-bind
575 silly ADD node_modules/call-bind-apply-helpers
576 silly ADD node_modules/get-intrinsic
577 silly ADD node_modules/call-bound
578 silly ADD node_modules/side-channel-weakmap
579 silly ADD node_modules/side-channel-map
580 silly ADD node_modules/side-channel-list
581 silly ADD node_modules/object-inspect
582 silly ADD node_modules/es-errors
583 silly ADD node_modules/path-to-regexp
584 silly ADD node_modules/is-promise
585 silly ADD node_modules/util-deprecate
586 silly ADD node_modules/string_decoder
587 silly ADD node_modules/process-nextick-args
588 silly ADD node_modules/isarray
589 silly ADD node_modules/core-util-is
590 silly ADD node_modules/unpipe
591 silly ADD node_modules/side-channel
592 silly ADD node_modules/ipaddr.js
593 silly ADD node_modules/forwarded
594 silly ADD node_modules/wrappy
595 silly ADD node_modules/ee-first
596 silly ADD node_modules/sqlstring
597 silly ADD node_modules/safe-buffer
598 silly ADD node_modules/readable-stream
599 silly ADD node_modules/bignumber.js
600 silly ADD node_modules/mime-db
601 silly ADD node_modules/safer-buffer
602 silly ADD node_modules/toidentifier
603 silly ADD node_modules/setprototypeof
604 silly ADD node_modules/inherits
605 silly ADD node_modules/ms
606 silly ADD node_modules/raw-body
607 silly ADD node_modules/iconv-lite
608 silly ADD node_modules/bytes
609 silly ADD node_modules/negotiator
610 silly ADD node_modules/vary
611 silly ADD node_modules/type-is
612 silly ADD node_modules/statuses
613 silly ADD node_modules/serve-static
614 silly ADD node_modules/send
615 silly ADD node_modules/router
616 silly ADD node_modules/range-parser
617 silly ADD node_modules/qs
618 silly ADD node_modules/proxy-addr
619 silly ADD node_modules/parseurl
620 silly ADD node_modules/once
621 silly ADD node_modules/on-finished
622 silly ADD node_modules/mime-types
623 silly ADD node_modules/merge-descriptors
624 silly ADD node_modules/http-errors
625 silly ADD node_modules/fresh
626 silly ADD node_modules/finalhandler
627 silly ADD node_modules/etag
628 silly ADD node_modules/escape-html
629 silly ADD node_modules/encodeurl
630 silly ADD node_modules/depd
631 silly ADD node_modules/debug
632 silly ADD node_modules/cookie-signature
633 silly ADD node_modules/cookie
634 silly ADD node_modules/content-type
635 silly ADD node_modules/content-disposition
636 silly ADD node_modules/body-parser
637 silly ADD node_modules/accepts
638 silly ADD node_modules/mysql
639 silly ADD node_modules/express
640 verbose cwd /root/two-tier-app/backend
641 verbose os Linux 6.17.0-1007-aws
642 verbose node v18.20.8
643 verbose npm  v10.8.2
644 verbose exit 0
645 info ok
